Build started 11/17/2024 9:31:52 PM.
     1>Project "C:\Users\Ahbar\Desktop\Speech Processing\voice_contact_search\voice_contact_search\voice_contact_search.vcxproj" on node 2 (build target(s)).
     1>InitializeBuildStatus:
         Creating "Debug\voice_contact_search.unsuccessfulbuild" because "AlwaysCreate" was specified.
       ClCompile:
         All outputs are up-to-date.
         C:\Program Files (x86)\Microsoft Visual Studio 10.0\VC\bin\CL.exe /c /ZI /nologo /W3 /WX- /Od /Oy- /D WIN32 /D _DEBUG /D _CONSOLE /D _UNICODE /D UNICODE /Gm /EHsc /RTC1 /MDd /GS /fp:precise /Zc:wchar_t /Zc:forScope /Yu"StdAfx.h" /Fp"Debug\voice_contact_search.pch" /Fo"Debug\\" /Fd"Debug\vc100.pdb" /Gd /TP /analyze- /errorReport:prompt voice_contact_search.cpp
         voice_contact_search.cpp
     1>c:\users\ahbar\desktop\speech processing\voice_contact_search\voice_contact_search\voice_contact_search.cpp(176): warning C4996: 'fopen': This function or variable may be unsafe. Consider using fopen_s instead. To disable deprecation, use _CRT_SECURE_NO_WARNINGS. See online help for details.
                 c:\program files (x86)\microsoft visual studio 10.0\vc\include\stdio.h(234) : see declaration of 'fopen'
     1>c:\users\ahbar\desktop\speech processing\voice_contact_search\voice_contact_search\voice_contact_search.cpp(184): warning C4996: 'fscanf': This function or variable may be unsafe. Consider using fscanf_s instead. To disable deprecation, use _CRT_SECURE_NO_WARNINGS. See online help for details.
                 c:\program files (x86)\microsoft visual studio 10.0\vc\include\stdio.h(253) : see declaration of 'fscanf'
     1>c:\users\ahbar\desktop\speech processing\voice_contact_search\voice_contact_search\voice_contact_search.cpp(325): warning C4996: 'fopen': This function or variable may be unsafe. Consider using fopen_s instead. To disable deprecation, use _CRT_SECURE_NO_WARNINGS. See online help for details.
                 c:\program files (x86)\microsoft visual studio 10.0\vc\include\stdio.h(234) : see declaration of 'fopen'
     1>c:\users\ahbar\desktop\speech processing\voice_contact_search\voice_contact_search\voice_contact_search.cpp(350): warning C4996: 'fopen': This function or variable may be unsafe. Consider using fopen_s instead. To disable deprecation, use _CRT_SECURE_NO_WARNINGS. See online help for details.
                 c:\program files (x86)\microsoft visual studio 10.0\vc\include\stdio.h(234) : see declaration of 'fopen'
     1>c:\users\ahbar\desktop\speech processing\voice_contact_search\voice_contact_search\voice_contact_search.cpp(353): warning C4996: 'fscanf': This function or variable may be unsafe. Consider using fscanf_s instead. To disable deprecation, use _CRT_SECURE_NO_WARNINGS. See online help for details.
                 c:\program files (x86)\microsoft visual studio 10.0\vc\include\stdio.h(253) : see declaration of 'fscanf'
     1>c:\users\ahbar\desktop\speech processing\voice_contact_search\voice_contact_search\voice_contact_search.cpp(359): warning C4996: 'fopen': This function or variable may be unsafe. Consider using fopen_s instead. To disable deprecation, use _CRT_SECURE_NO_WARNINGS. See online help for details.
                 c:\program files (x86)\microsoft visual studio 10.0\vc\include\stdio.h(234) : see declaration of 'fopen'
     1>c:\users\ahbar\desktop\speech processing\voice_contact_search\voice_contact_search\voice_contact_search.cpp(362): warning C4996: 'fscanf': This function or variable may be unsafe. Consider using fscanf_s instead. To disable deprecation, use _CRT_SECURE_NO_WARNINGS. See online help for details.
                 c:\program files (x86)\microsoft visual studio 10.0\vc\include\stdio.h(253) : see declaration of 'fscanf'
     1>c:\users\ahbar\desktop\speech processing\voice_contact_search\voice_contact_search\voice_contact_search.cpp(368): warning C4996: 'fopen': This function or variable may be unsafe. Consider using fopen_s instead. To disable deprecation, use _CRT_SECURE_NO_WARNINGS. See online help for details.
                 c:\program files (x86)\microsoft visual studio 10.0\vc\include\stdio.h(234) : see declaration of 'fopen'
     1>c:\users\ahbar\desktop\speech processing\voice_contact_search\voice_contact_search\voice_contact_search.cpp(370): warning C4996: 'fscanf': This function or variable may be unsafe. Consider using fscanf_s instead. To disable deprecation, use _CRT_SECURE_NO_WARNINGS. See online help for details.
                 c:\program files (x86)\microsoft visual studio 10.0\vc\include\stdio.h(253) : see declaration of 'fscanf'
     1>c:\users\ahbar\desktop\speech processing\voice_contact_search\voice_contact_search\voice_contact_search.cpp(394): warning C4996: 'fopen': This function or variable may be unsafe. Consider using fopen_s instead. To disable deprecation, use _CRT_SECURE_NO_WARNINGS. See online help for details.
                 c:\program files (x86)\microsoft visual studio 10.0\vc\include\stdio.h(234) : see declaration of 'fopen'
     1>c:\users\ahbar\desktop\speech processing\voice_contact_search\voice_contact_search\voice_contact_search.cpp(397): warning C4996: 'fscanf': This function or variable may be unsafe. Consider using fscanf_s instead. To disable deprecation, use _CRT_SECURE_NO_WARNINGS. See online help for details.
                 c:\program files (x86)\microsoft visual studio 10.0\vc\include\stdio.h(253) : see declaration of 'fscanf'
     1>c:\users\ahbar\desktop\speech processing\voice_contact_search\voice_contact_search\voice_contact_search.cpp(403): warning C4996: 'fopen': This function or variable may be unsafe. Consider using fopen_s instead. To disable deprecation, use _CRT_SECURE_NO_WARNINGS. See online help for details.
                 c:\program files (x86)\microsoft visual studio 10.0\vc\include\stdio.h(234) : see declaration of 'fopen'
     1>c:\users\ahbar\desktop\speech processing\voice_contact_search\voice_contact_search\voice_contact_search.cpp(406): warning C4996: 'fscanf': This function or variable may be unsafe. Consider using fscanf_s instead. To disable deprecation, use _CRT_SECURE_NO_WARNINGS. See online help for details.
                 c:\program files (x86)\microsoft visual studio 10.0\vc\include\stdio.h(253) : see declaration of 'fscanf'
     1>c:\users\ahbar\desktop\speech processing\voice_contact_search\voice_contact_search\voice_contact_search.cpp(412): warning C4996: 'fopen': This function or variable may be unsafe. Consider using fopen_s instead. To disable deprecation, use _CRT_SECURE_NO_WARNINGS. See online help for details.
                 c:\program files (x86)\microsoft visual studio 10.0\vc\include\stdio.h(234) : see declaration of 'fopen'
     1>c:\users\ahbar\desktop\speech processing\voice_contact_search\voice_contact_search\voice_contact_search.cpp(414): warning C4996: 'fscanf': This function or variable may be unsafe. Consider using fscanf_s instead. To disable deprecation, use _CRT_SECURE_NO_WARNINGS. See online help for details.
                 c:\program files (x86)\microsoft visual studio 10.0\vc\include\stdio.h(253) : see declaration of 'fscanf'
     1>c:\users\ahbar\desktop\speech processing\voice_contact_search\voice_contact_search\voice_contact_search.cpp(579): warning C4996: 'fscanf': This function or variable may be unsafe. Consider using fscanf_s instead. To disable deprecation, use _CRT_SECURE_NO_WARNINGS. See online help for details.
                 c:\program files (x86)\microsoft visual studio 10.0\vc\include\stdio.h(253) : see declaration of 'fscanf'
     1>c:\users\ahbar\desktop\speech processing\voice_contact_search\voice_contact_search\voice_contact_search.cpp(591): warning C4258: 'i' : definition from the for loop is ignored; the definition from the enclosing scope is used
                 c:\users\ahbar\desktop\speech processing\voice_contact_search\voice_contact_search\voice_contact_search.cpp(577) : definition of 'i' ignored
                 c:\users\ahbar\desktop\speech processing\voice_contact_search\voice_contact_search\voice_contact_search.cpp(574) : definition of 'i' used
     1>c:\users\ahbar\desktop\speech processing\voice_contact_search\voice_contact_search\voice_contact_search.cpp(605): warning C4996: 'fscanf': This function or variable may be unsafe. Consider using fscanf_s instead. To disable deprecation, use _CRT_SECURE_NO_WARNINGS. See online help for details.
                 c:\program files (x86)\microsoft visual studio 10.0\vc\include\stdio.h(253) : see declaration of 'fscanf'
     1>c:\users\ahbar\desktop\speech processing\voice_contact_search\voice_contact_search\voice_contact_search.cpp(608): warning C4996: 'fscanf': This function or variable may be unsafe. Consider using fscanf_s instead. To disable deprecation, use _CRT_SECURE_NO_WARNINGS. See online help for details.
                 c:\program files (x86)\microsoft visual studio 10.0\vc\include\stdio.h(253) : see declaration of 'fscanf'
     1>c:\users\ahbar\desktop\speech processing\voice_contact_search\voice_contact_search\voice_contact_search.cpp(646): warning C4258: 'k' : definition from the for loop is ignored; the definition from the enclosing scope is used
                 c:\users\ahbar\desktop\speech processing\voice_contact_search\voice_contact_search\voice_contact_search.cpp(631) : definition of 'k' ignored
                 c:\users\ahbar\desktop\speech processing\voice_contact_search\voice_contact_search\voice_contact_search.cpp(48) : definition of 'k' used
     1>c:\users\ahbar\desktop\speech processing\voice_contact_search\voice_contact_search\voice_contact_search.cpp(647): warning C4258: 'k' : definition from the for loop is ignored; the definition from the enclosing scope is used
                 c:\users\ahbar\desktop\speech processing\voice_contact_search\voice_contact_search\voice_contact_search.cpp(631) : definition of 'k' ignored
                 c:\users\ahbar\desktop\speech processing\voice_contact_search\voice_contact_search\voice_contact_search.cpp(48) : definition of 'k' used
     1>c:\users\ahbar\desktop\speech processing\voice_contact_search\voice_contact_search\voice_contact_search.cpp(649): warning C4258: 'k' : definition from the for loop is ignored; the definition from the enclosing scope is used
                 c:\users\ahbar\desktop\speech processing\voice_contact_search\voice_contact_search\voice_contact_search.cpp(631) : definition of 'k' ignored
                 c:\users\ahbar\desktop\speech processing\voice_contact_search\voice_contact_search\voice_contact_search.cpp(48) : definition of 'k' used
     1>c:\users\ahbar\desktop\speech processing\voice_contact_search\voice_contact_search\voice_contact_search.cpp(651): warning C4258: 'k' : definition from the for loop is ignored; the definition from the enclosing scope is used
                 c:\users\ahbar\desktop\speech processing\voice_contact_search\voice_contact_search\voice_contact_search.cpp(631) : definition of 'k' ignored
                 c:\users\ahbar\desktop\speech processing\voice_contact_search\voice_contact_search\voice_contact_search.cpp(48) : definition of 'k' used
     1>c:\users\ahbar\desktop\speech processing\voice_contact_search\voice_contact_search\voice_contact_search.cpp(651): warning C4258: 'k' : definition from the for loop is ignored; the definition from the enclosing scope is used
                 c:\users\ahbar\desktop\speech processing\voice_contact_search\voice_contact_search\voice_contact_search.cpp(631) : definition of 'k' ignored
                 c:\users\ahbar\desktop\speech processing\voice_contact_search\voice_contact_search\voice_contact_search.cpp(48) : definition of 'k' used
     1>c:\users\ahbar\desktop\speech processing\voice_contact_search\voice_contact_search\voice_contact_search.cpp(705): warning C4996: 'fopen': This function or variable may be unsafe. Consider using fopen_s instead. To disable deprecation, use _CRT_SECURE_NO_WARNINGS. See online help for details.
                 c:\program files (x86)\microsoft visual studio 10.0\vc\include\stdio.h(234) : see declaration of 'fopen'
     1>c:\users\ahbar\desktop\speech processing\voice_contact_search\voice_contact_search\voice_contact_search.cpp(709): warning C4996: 'fopen': This function or variable may be unsafe. Consider using fopen_s instead. To disable deprecation, use _CRT_SECURE_NO_WARNINGS. See online help for details.
                 c:\program files (x86)\microsoft visual studio 10.0\vc\include\stdio.h(234) : see declaration of 'fopen'
     1>c:\users\ahbar\desktop\speech processing\voice_contact_search\voice_contact_search\voice_contact_search.cpp(718): warning C4996: 'fopen': This function or variable may be unsafe. Consider using fopen_s instead. To disable deprecation, use _CRT_SECURE_NO_WARNINGS. See online help for details.
                 c:\program files (x86)\microsoft visual studio 10.0\vc\include\stdio.h(234) : see declaration of 'fopen'
     1>c:\users\ahbar\desktop\speech processing\voice_contact_search\voice_contact_search\voice_contact_search.cpp(729): warning C4996: 'fopen': This function or variable may be unsafe. Consider using fopen_s instead. To disable deprecation, use _CRT_SECURE_NO_WARNINGS. See online help for details.
                 c:\program files (x86)\microsoft visual studio 10.0\vc\include\stdio.h(234) : see declaration of 'fopen'
     1>c:\users\ahbar\desktop\speech processing\voice_contact_search\voice_contact_search\voice_contact_search.cpp(737): warning C4996: 'fscanf': This function or variable may be unsafe. Consider using fscanf_s instead. To disable deprecation, use _CRT_SECURE_NO_WARNINGS. See online help for details.
                 c:\program files (x86)\microsoft visual studio 10.0\vc\include\stdio.h(253) : see declaration of 'fscanf'
     1>c:\users\ahbar\desktop\speech processing\voice_contact_search\voice_contact_search\voice_contact_search.cpp(775): warning C4996: 'scanf': This function or variable may be unsafe. Consider using scanf_s instead. To disable deprecation, use _CRT_SECURE_NO_WARNINGS. See online help for details.
                 c:\program files (x86)\microsoft visual studio 10.0\vc\include\stdio.h(304) : see declaration of 'scanf'
     1>c:\users\ahbar\desktop\speech processing\voice_contact_search\voice_contact_search\voice_contact_search.cpp(781): warning C4996: 'fopen': This function or variable may be unsafe. Consider using fopen_s instead. To disable deprecation, use _CRT_SECURE_NO_WARNINGS. See online help for details.
                 c:\program files (x86)\microsoft visual studio 10.0\vc\include\stdio.h(234) : see declaration of 'fopen'
     1>c:\users\ahbar\desktop\speech processing\voice_contact_search\voice_contact_search\voice_contact_search.cpp(798): warning C4996: 'fopen': This function or variable may be unsafe. Consider using fopen_s instead. To disable deprecation, use _CRT_SECURE_NO_WARNINGS. See online help for details.
                 c:\program files (x86)\microsoft visual studio 10.0\vc\include\stdio.h(234) : see declaration of 'fopen'
     1>c:\users\ahbar\desktop\speech processing\voice_contact_search\voice_contact_search\voice_contact_search.cpp(805): warning C4996: 'fopen': This function or variable may be unsafe. Consider using fopen_s instead. To disable deprecation, use _CRT_SECURE_NO_WARNINGS. See online help for details.
                 c:\program files (x86)\microsoft visual studio 10.0\vc\include\stdio.h(234) : see declaration of 'fopen'
     1>c:\users\ahbar\desktop\speech processing\voice_contact_search\voice_contact_search\voice_contact_search.cpp(851): warning C4996: 'fopen': This function or variable may be unsafe. Consider using fopen_s instead. To disable deprecation, use _CRT_SECURE_NO_WARNINGS. See online help for details.
                 c:\program files (x86)\microsoft visual studio 10.0\vc\include\stdio.h(234) : see declaration of 'fopen'
     1>c:\users\ahbar\desktop\speech processing\voice_contact_search\voice_contact_search\voice_contact_search.cpp(935): warning C4996: 'fopen': This function or variable may be unsafe. Consider using fopen_s instead. To disable deprecation, use _CRT_SECURE_NO_WARNINGS. See online help for details.
                 c:\program files (x86)\microsoft visual studio 10.0\vc\include\stdio.h(234) : see declaration of 'fopen'
     1>c:\users\ahbar\desktop\speech processing\voice_contact_search\voice_contact_search\voice_contact_search.cpp(966): warning C4996: 'fscanf': This function or variable may be unsafe. Consider using fscanf_s instead. To disable deprecation, use _CRT_SECURE_NO_WARNINGS. See online help for details.
                 c:\program files (x86)\microsoft visual studio 10.0\vc\include\stdio.h(253) : see declaration of 'fscanf'
     1>c:\users\ahbar\desktop\speech processing\voice_contact_search\voice_contact_search\voice_contact_search.cpp(971): warning C4996: 'fopen': This function or variable may be unsafe. Consider using fopen_s instead. To disable deprecation, use _CRT_SECURE_NO_WARNINGS. See online help for details.
                 c:\program files (x86)\microsoft visual studio 10.0\vc\include\stdio.h(234) : see declaration of 'fopen'
     1>c:\users\ahbar\desktop\speech processing\voice_contact_search\voice_contact_search\voice_contact_search.cpp(977): warning C4996: 'fopen': This function or variable may be unsafe. Consider using fopen_s instead. To disable deprecation, use _CRT_SECURE_NO_WARNINGS. See online help for details.
                 c:\program files (x86)\microsoft visual studio 10.0\vc\include\stdio.h(234) : see declaration of 'fopen'
     1>c:\users\ahbar\desktop\speech processing\voice_contact_search\voice_contact_search\voice_contact_search.cpp(980): warning C4258: 'i' : definition from the for loop is ignored; the definition from the enclosing scope is used
                 c:\users\ahbar\desktop\speech processing\voice_contact_search\voice_contact_search\voice_contact_search.cpp(973) : definition of 'i' ignored
                 c:\users\ahbar\desktop\speech processing\voice_contact_search\voice_contact_search\voice_contact_search.cpp(964) : definition of 'i' used
     1>c:\users\ahbar\desktop\speech processing\voice_contact_search\voice_contact_search\voice_contact_search.cpp(981): warning C4996: 'fopen': This function or variable may be unsafe. Consider using fopen_s instead. To disable deprecation, use _CRT_SECURE_NO_WARNINGS. See online help for details.
                 c:\program files (x86)\microsoft visual studio 10.0\vc\include\stdio.h(234) : see declaration of 'fopen'
     1>c:\users\ahbar\desktop\speech processing\voice_contact_search\voice_contact_search\voice_contact_search.cpp(985): warning C4258: 'i' : definition from the for loop is ignored; the definition from the enclosing scope is used
                 c:\users\ahbar\desktop\speech processing\voice_contact_search\voice_contact_search\voice_contact_search.cpp(973) : definition of 'i' ignored
                 c:\users\ahbar\desktop\speech processing\voice_contact_search\voice_contact_search\voice_contact_search.cpp(964) : definition of 'i' used
     1>c:\users\ahbar\desktop\speech processing\voice_contact_search\voice_contact_search\voice_contact_search.cpp(998): warning C4996: 'fopen': This function or variable may be unsafe. Consider using fopen_s instead. To disable deprecation, use _CRT_SECURE_NO_WARNINGS. See online help for details.
                 c:\program files (x86)\microsoft visual studio 10.0\vc\include\stdio.h(234) : see declaration of 'fopen'
       ManifestResourceCompile:
         All outputs are up-to-date.
       Link:
         C:\Program Files (x86)\Microsoft Visual Studio 10.0\VC\bin\link.exe /ERRORREPORT:PROMPT /OUT:"C:\Users\Ahbar\Desktop\Speech Processing\voice_contact_search\Debug\voice_contact_search.exe" /INCREMENTAL /NOLOGO kernel32.lib user32.lib gdi32.lib winspool.lib comdlg32.lib advapi32.lib shell32.lib ole32.lib oleaut32.lib uuid.lib odbc32.lib odbccp32.lib /MANIFEST /ManifestFile:"Debug\voice_contact_search.exe.intermediate.manifest" /MANIFESTUAC:"level='asInvoker' uiAccess='false'" /DEBUG /PDB:"C:\Users\Ahbar\Desktop\Speech Processing\voice_contact_search\Debug\voice_contact_search.pdb" /SUBSYSTEM:CONSOLE /TLBID:1 /DYNAMICBASE /NXCOMPAT /IMPLIB:"C:\Users\Ahbar\Desktop\Speech Processing\voice_contact_search\Debug\voice_contact_search.lib" /MACHINE:X86 Debug\voice_contact_search.exe.embed.manifest.res
         Debug\stdafx.obj
         Debug\voice_contact_search.obj
       Manifest:
         C:\Program Files (x86)\Microsoft SDKs\Windows\v7.0A\bin\mt.exe /nologo /verbose /out:"Debug\voice_contact_search.exe.embed.manifest" /manifest Debug\voice_contact_search.exe.intermediate.manifest
         All outputs are up-to-date.
       LinkEmbedManifest:
         All outputs are up-to-date.
         voice_contact_search.vcxproj -> C:\Users\Ahbar\Desktop\Speech Processing\voice_contact_search\Debug\voice_contact_search.exe
       FinalizeBuildStatus:
         Deleting file "Debug\voice_contact_search.unsuccessfulbuild".
         Touching "Debug\voice_contact_search.lastbuildstate".
     1>Done Building Project "C:\Users\Ahbar\Desktop\Speech Processing\voice_contact_search\voice_contact_search\voice_contact_search.vcxproj" (build target(s)).

Build succeeded.

Time Elapsed 00:00:01.56
